INFO [2018-10-22 10:27:01] $x
INFO [2018-10-22 10:27:01] list(A = A, D = D, B = B, C = C)
INFO [2018-10-22 10:27:01] 
INFO [2018-10-22 10:27:01] $filename
INFO [2018-10-22 10:27:01] [1] "Venn_4set_pretty.tiff"
INFO [2018-10-22 10:27:01] 
INFO [2018-10-22 10:27:01] $col
INFO [2018-10-22 10:27:01] [1] "transparent"
INFO [2018-10-22 10:27:01] 
INFO [2018-10-22 10:27:01] $fill
INFO [2018-10-22 10:27:01] c("cornflowerblue", "green", "yellow", "darkorchid1")
INFO [2018-10-22 10:27:01] 
INFO [2018-10-22 10:27:01] $alpha
INFO [2018-10-22 10:27:01] [1] 0.5
INFO [2018-10-22 10:27:01] 
INFO [2018-10-22 10:27:01] $label.col
INFO [2018-10-22 10:27:01] c("orange", "white", "darkorchid4", "white", "white", "white", 
INFO [2018-10-22 10:27:01]     "white", "white", "darkblue", "white", "white", "white", 
INFO [2018-10-22 10:27:01]     "white", "darkgreen", "white")
INFO [2018-10-22 10:27:01] 
INFO [2018-10-22 10:27:01] $cex
INFO [2018-10-22 10:27:01] [1] 1.5
INFO [2018-10-22 10:27:01] 
INFO [2018-10-22 10:27:01] $fontfamily
INFO [2018-10-22 10:27:01] [1] "serif"
INFO [2018-10-22 10:27:01] 
INFO [2018-10-22 10:27:01] $fontface
INFO [2018-10-22 10:27:01] [1] "bold"
INFO [2018-10-22 10:27:01] 
INFO [2018-10-22 10:27:01] $cat.col
INFO [2018-10-22 10:27:01] c("darkblue", "darkgreen", "orange", "darkorchid4")
INFO [2018-10-22 10:27:01] 
INFO [2018-10-22 10:27:01] $cat.cex
INFO [2018-10-22 10:27:01] [1] 1.5
INFO [2018-10-22 10:27:01] 
INFO [2018-10-22 10:27:01] $cat.pos
INFO [2018-10-22 10:27:01] [1] 0
INFO [2018-10-22 10:27:01] 
INFO [2018-10-22 10:27:01] $cat.dist
INFO [2018-10-22 10:27:01] [1] 0.07
INFO [2018-10-22 10:27:01] 
INFO [2018-10-22 10:27:01] $cat.fontfamily
INFO [2018-10-22 10:27:01] [1] "serif"
INFO [2018-10-22 10:27:01] 
INFO [2018-10-22 10:27:01] $rotation.degree
INFO [2018-10-22 10:27:01] [1] 270
INFO [2018-10-22 10:27:01] 
INFO [2018-10-22 10:27:01] $margin
INFO [2018-10-22 10:27:01] [1] 0.2
INFO [2018-10-22 10:27:01] 
